# JRE version: Java(TM) SE Runtime Environment (8.0_161-b12) (build 1.8.0_161-b12)
# Java VM: Java HotSpot(TM) 64-Bit Server VM (25.161-b12 mixed mode bsd-amd64 compressed oops)
Heap:
 PSYoungGen      total 1376768K, used 1007097K [0x000000076ab00000, 0x00000007c0000000, 0x00000007c0000000)
  eden space 1359872K, 72% used [0x000000076ab00000,0x00000007a7203600,0x00000007bdb00000)
  from space 16896K, 99% used [0x00000007bee80000,0x00000007bfefafc0,0x00000007bff00000)
  to   space 18944K, 0% used [0x00000007bdb00000,0x00000007bdb00000,0x00000007bed80000)
 ParOldGen       total 262144K, used 54701K [0x00000006c0000000, 0x00000006d0000000, 0x000000076ab00000)
  object space 262144K, 20% used [0x00000006c0000000,0x00000006c356b578,0x00000006d0000000)
 Metaspace       used 46153K, capacity 47746K, committed 47872K, reserved 1091584K
  class space    used 5450K, capacity 5793K, committed 5888K, reserved 1048576K
GC Heap History (10 events):
Event: 2074.231 GC heap before
{Heap before GC invocations=796 (full 4):
 PSYoungGen      total 1377792K, used 1367776K [0x000000076ab00000, 0x00000007bff80000, 0x00000007c0000000)
  eden space 1358848K, 100% used [0x000000076ab00000,0x00000007bda00000,0x00000007bda00000)
  from space 18944K, 47% used [0x00000007bda00000,0x00000007be2b8000,0x00000007bec80000)
  to   space 18432K, 0% used [0x00000007bed80000,0x00000007bed80000,0x00000007bff80000)
 ParOldGen       total 262144K, used 52549K [0x00000006c0000000, 0x00000006d0000000, 0x000000076ab00000)
  object space 262144K, 20% used [0x00000006c0000000,0x00000006c3351578,0x00000006d0000000)
 Metaspace       used 46153K, capacity 47746K, committed 47872K, reserved 1091584K
  class space    used 5450K, capacity 5793K, committed 5888K, reserved 1048576K
Event: 2074.238 GC heap after
Heap after GC invocations=796 (full 4):
 PSYoungGen      total 1378816K, used 12256K [0x000000076ab00000, 0x00000007bff80000, 0x00000007c0000000)
  eden space 1360384K, 0% used [0x000000076ab00000,0x000000076ab00000,0x00000007bdb80000)
  from space 18432K, 66% used [0x00000007bed80000,0x00000007bf978000,0x00000007bff80000)
  to   space 18432K, 0% used [0x00000007bdb80000,0x00000007bdb80000,0x00000007bed80000)
 ParOldGen       total 262144K, used 52949K [0x00000006c0000000, 0x00000006d0000000, 0x000000076ab00000)
  object space 262144K, 20% used [0x00000006c0000000,0x00000006c33b5578,0x00000006d0000000)
 Metaspace       used 46153K, capacity 47746K, committed 47872K, reserved 1091584K
  class space    used 5450K, capacity 5793K, committed 5888K, reserved 1048576K
}
Event: 2077.183 GC heap before
{Heap before GC invocations=797 (full 4):
 PSYoungGen      total 1378816K, used 1372640K [0x000000076ab00000, 0x00000007bff80000, 0x00000007c0000000)
  eden space 1360384K, 100% used [0x000000076ab00000,0x00000007bdb80000,0x00000007bdb80000)
  from space 18432K, 66% used [0x00000007bed80000,0x00000007bf978000,0x00000007bff80000)
  to   space 18432K, 0% used [0x00000007bdb80000,0x00000007bdb80000,0x00000007bed80000)
 ParOldGen       total 262144K, used 52949K [0x00000006c0000000, 0x00000006d0000000, 0x000000076ab00000)
  object space 262144K, 20% used [0x00000006c0000000,0x00000006c33b5578,0x00000006d0000000)
 Metaspace       used 46153K, capacity 47746K, committed 47872K, reserved 1091584K
  class space    used 5450K, capacity 5793K, committed 5888K, reserved 1048576K
Event: 2077.190 GC heap after
Heap after GC invocations=797 (full 4):
 PSYoungGen      total 1378816K, used 10624K [0x000000076ab00000, 0x00000007bff00000, 0x00000007c0000000)
  eden space 1360384K, 0% used [0x000000076ab00000,0x000000076ab00000,0x00000007bdb80000)
  from space 18432K, 57% used [0x00000007bdb80000,0x00000007be5e0000,0x00000007bed80000)
  to   space 17920K, 0% used [0x00000007bed80000,0x00000007bed80000,0x00000007bff00000)
 ParOldGen       total 262144K, used 53373K [0x00000006c0000000, 0x00000006d0000000, 0x000000076ab00000)
  object space 262144K, 20% used [0x00000006c0000000,0x00000006c341f578,0x00000006d0000000)
 Metaspace       used 46153K, capacity 47746K, committed 47872K, reserved 1091584K
  class space    used 5450K, capacity 5793K, committed 5888K, reserved 1048576K
}
Event: 2079.528 GC heap before
{Heap before GC invocations=798 (full 4):
 PSYoungGen      total 1378816K, used 1371008K [0x000000076ab00000, 0x00000007bff00000, 0x00000007c0000000)
  eden space 1360384K, 100% used [0x000000076ab00000,0x00000007bdb80000,0x00000007bdb80000)
  from space 18432K, 57% used [0x00000007bdb80000,0x00000007be5e0000,0x00000007bed80000)
  to   space 17920K, 0% used [0x00000007bed80000,0x00000007bed80000,0x00000007bff00000)
 ParOldGen       total 262144K, used 53373K [0x00000006c0000000, 0x00000006d0000000, 0x000000076ab00000)
  object space 262144K, 20% used [0x00000006c0000000,0x00000006c341f578,0x00000006d0000000)
 Metaspace       used 46153K, capacity 47746K, committed 47872K, reserved 1091584K
  class space    used 5450K, capacity 5793K, committed 5888K, reserved 1048576K
Event: 2079.534 GC heap after
Heap after GC invocations=798 (full 4):
 PSYoungGen      total 1378816K, used 8128K [0x000000076ab00000, 0x00000007bfe80000, 0x00000007c0000000)
  eden space 1361408K, 0% used [0x000000076ab00000,0x000000076ab00000,0x00000007bdc80000)
  from space 17408K, 46% used [0x00000007bed80000,0x00000007bf570000,0x00000007bfe80000)
  to   space 17408K, 0% used [0x00000007bdc80000,0x00000007bdc80000,0x00000007bed80000)
 ParOldGen       total 262144K, used 53805K [0x00000006c0000000, 0x00000006d0000000, 0x000000076ab00000)
  object space 262144K, 20% used [0x00000006c0000000,0x00000006c348b578,0x00000006d0000000)
 Metaspace       used 46153K, capacity 47746K, committed 47872K, reserved 1091584K
  class space    used 5450K, capacity 5793K, committed 5888K, reserved 1048576K
}
Event: 2083.711 GC heap before
{Heap before GC invocations=799 (full 4):
 PSYoungGen      total 1378816K, used 1369536K [0x000000076ab00000, 0x00000007bfe80000, 0x00000007c0000000)
  eden space 1361408K, 100% used [0x000000076ab00000,0x00000007bdc80000,0x00000007bdc80000)
  from space 17408K, 46% used [0x00000007bed80000,0x00000007bf570000,0x00000007bfe80000)
  to   space 17408K, 0% used [0x00000007bdc80000,0x00000007bdc80000,0x00000007bed80000)
 ParOldGen       total 262144K, used 53805K [0x00000006c0000000, 0x00000006d0000000, 0x000000076ab00000)
  object space 262144K, 20% used [0x00000006c0000000,0x00000006c348b578,0x00000006d0000000)
 Metaspace       used 46153K, capacity 47746K, committed 47872K, reserved 1091584K
  class space    used 5450K, capacity 5793K, committed 5888K, reserved 1048576K
Event: 2083.716 GC heap after
Heap after GC invocations=799 (full 4):
 PSYoungGen      total 1378816K, used 10688K [0x000000076ab00000, 0x00000007bff00000, 0x00000007c0000000)
  eden space 1361408K, 0% used [0x000000076ab00000,0x000000076ab00000,0x00000007bdc80000)
  from space 17408K, 61% used [0x00000007bdc80000,0x00000007be6f0000,0x00000007bed80000)
  to   space 16896K, 0% used [0x00000007bee80000,0x00000007bee80000,0x00000007bff00000)
 ParOldGen       total 262144K, used 54245K [0x00000006c0000000, 0x00000006d0000000, 0x000000076ab00000)
  object space 262144K, 20% used [0x00000006c0000000,0x00000006c34f9578,0x00000006d0000000)
 Metaspace       used 46153K, capacity 47746K, committed 47872K, reserved 1091584K
  class space    used 5450K, capacity 5793K, committed 5888K, reserved 1048576K
}
Event: 2086.676 GC heap before
{Heap before GC invocations=800 (full 4):
 PSYoungGen      total 1378816K, used 1372096K [0x000000076ab00000, 0x00000007bff00000, 0x00000007c0000000)
  eden space 1361408K, 100% used [0x000000076ab00000,0x00000007bdc80000,0x00000007bdc80000)
  from space 17408K, 61% used [0x00000007bdc80000,0x00000007be6f0000,0x00000007bed80000)
  to   space 16896K, 0% used [0x00000007bee80000,0x00000007bee80000,0x00000007bff00000)
 ParOldGen       total 262144K, used 54245K [0x00000006c0000000, 0x00000006d0000000, 0x000000076ab00000)
  object space 262144K, 20% used [0x00000006c0000000,0x00000006c34f9578,0x00000006d0000000)
 Metaspace       used 46153K, capacity 47746K, committed 47872K, reserved 1091584K
  class space    used 5450K, capacity 5793K, committed 5888K, reserved 1048576K
Event: 2086.689 GC heap after
Heap after GC invocations=800 (full 4):
 PSYoungGen      total 1376768K, used 16875K [0x000000076ab00000, 0x00000007c0000000, 0x00000007c0000000)
  eden space 1359872K, 0% used [0x000000076ab00000,0x000000076ab00000,0x00000007bdb00000)
  from space 16896K, 99% used [0x00000007bee80000,0x00000007bfefafc0,0x00000007bff00000)
  to   space 18944K, 0% used [0x00000007bdb00000,0x00000007bdb00000,0x00000007bed80000)
 ParOldGen       total 262144K, used 54701K [0x00000006c0000000, 0x00000006d0000000, 0x000000076ab00000)
  object space 262144K, 20% used [0x00000006c0000000,0x00000006c356b578,0x00000006d0000000)
 Metaspace       used 46153K, capacity 47746K, committed 47872K, reserved 1091584K
  class space    used 5450K, capacity 5793K, committed 5888K, reserved 1048576K
}

